<?xml version="1.0" encoding="UTF-8"?>
<testng-results ignored="0" total="2" passed="2" failed="0" skipped="0">
  <reporter-output>
  </reporter-output>
  <suite started-at="2023-07-27T20:32:36 BDT" name="Suite" finished-at="2023-07-27T20:32:53 BDT" duration-ms="17130">
    <groups>
    </groups>
    <test started-at="2023-07-27T20:32:36 BDT" name="Test" finished-at="2023-07-27T20:32:53 BDT" duration-ms="17130">
      <class name="mytest.Program1">
        <test-method is-config="true" signature="setup()[pri:0, instance:mytest.Program1@37ceb1df]" started-at="2023-07-27T20:32:36 BDT" name="setup" finished-at="2023-07-27T20:32:42 BDT" duration-ms="6347" status="PASS">
          <reporter-output>
          </reporter-output>
        </test-method> <!-- setup -->
        <test-method signature="verifyLogo()[pri:0, instance:mytest.Program1@37ceb1df]" started-at="2023-07-27T20:32:42 BDT" name="verifyLogo" finished-at="2023-07-27T20:32:42 BDT" duration-ms="268" status="PASS">
          <reporter-output>
          </reporter-output>
        </test-method> <!-- verifyLogo -->
        <test-method is-config="true" signature="tearDown()[pri:0, instance:mytest.Program1@37ceb1df]" started-at="2023-07-27T20:32:42 BDT" name="tearDown" finished-at="2023-07-27T20:32:42 BDT" duration-ms="183" status="PASS">
          <reporter-output>
          </reporter-output>
        </test-method> <!-- tearDown -->
        <test-method is-config="true" signature="setup()[pri:0, instance:mytest.Program1@37ceb1df]" started-at="2023-07-27T20:32:42 BDT" name="setup" finished-at="2023-07-27T20:32:52 BDT" duration-ms="9771" status="PASS">
          <reporter-output>
          </reporter-output>
        </test-method> <!-- setup -->
        <test-method signature="verifyTitle()[pri:0, instance:mytest.Program1@37ceb1df]" started-at="2023-07-27T20:32:52 BDT" name="verifyTitle" finished-at="2023-07-27T20:32:53 BDT" duration-ms="333" status="PASS">
          <reporter-output>
          </reporter-output>
        </test-method> <!-- verifyTitle -->
        <test-method is-config="true" signature="tearDown()[pri:0, instance:mytest.Program1@37ceb1df]" started-at="2023-07-27T20:32:53 BDT" name="tearDown" finished-at="2023-07-27T20:32:53 BDT" duration-ms="190" status="PASS">
          <reporter-output>
          </reporter-output>
        </test-method> <!-- tearDown -->
      </class> <!-- mytest.Program1 -->
    </test> <!-- Test -->
  </suite> <!-- Suite -->
</testng-results>
